Traceback (most recent call last):
  File "/opt/anaconda3/lib/python3.8/site-packages/jupyter_cache/executors/utils.py", line 51, in single_nb_execution
    executenb(
  File "/opt/anaconda3/lib/python3.8/site-packages/nbclient/client.py", line 1087, in execute
    return NotebookClient(nb=nb, resources=resources, km=km, **kwargs).execute()
  File "/opt/anaconda3/lib/python3.8/site-packages/nbclient/util.py", line 74, in wrapped
    return just_run(coro(*args, **kwargs))
  File "/opt/anaconda3/lib/python3.8/site-packages/nbclient/util.py", line 53, in just_run
    return loop.run_until_complete(coro)
  File "/opt/anaconda3/lib/python3.8/asyncio/base_events.py", line 616, in run_until_complete
    return future.result()
  File "/opt/anaconda3/lib/python3.8/site-packages/nbclient/client.py", line 540, in async_execute
    await self.async_execute_cell(
  File "/opt/anaconda3/lib/python3.8/site-packages/nbclient/client.py", line 832, in async_execute_cell
    self._check_raise_for_error(cell, exec_reply)
  File "/opt/anaconda3/lib/python3.8/site-packages/nbclient/client.py", line 740, in _check_raise_for_error
    raise CellExecutionError.from_cell_and_msg(cell, exec_reply['content'])
nbclient.exceptions.CellExecutionError: An error occurred while executing the following cell:
------------------
from msilib.schema import RadioButton


state_dim = 4
emission_dim = 2
delta = 1.0

# Create object
lgssm = LinearGaussianSSM(state_dim, emission_dim)

# Random model parameters
params, _ = lgssm.random_initialization(jr.PRNGKey(0))

# Manually chosen parameters
mu0 = jnp.array([8.0, 10.0, 1.0, 0.0])
Sigma0 = jnp.eye(state_dim) * 0.1
F  = jnp.array([[1, 0, delta, 0],
                [0, 1, 0, delta],
                [0, 0, 1, 0],
                [0, 0, 0, 1]])
Q = jnp.eye(state_dim) * 0.001
H = jnp.array([[1.0, 0, 0, 0],
                [0, 1.0, 0, 0]])
R = jnp.eye(emission_dim) * 1.0

params['initial']['mean'] = mu0
params['initial']['cov'] = Sigma0
params['dynamics']['weights'] = F
params['dynamics']['cov'] = Q
params['emissions']['weights'] = H
params['emissions']['cov'] = R
------------------

[0;31m---------------------------------------------------------------------------[0m
[0;31mModuleNotFoundError[0m                       Traceback (most recent call last)
[0;32m<ipython-input-4-1aecdfffc7e4>[0m in [0;36m<module>[0;34m[0m
[0;32m----> 1[0;31m [0;32mfrom[0m [0mmsilib[0m[0;34m.[0m[0mschema[0m [0;32mimport[0m [0mRadioButton[0m[0;34m[0m[0;34m[0m[0m
[0m[1;32m      2[0m [0;34m[0m[0m
[1;32m      3[0m [0;34m[0m[0m
[1;32m      4[0m [0mstate_dim[0m [0;34m=[0m [0;36m4[0m[0;34m[0m[0;34m[0m[0m
[1;32m      5[0m [0memission_dim[0m [0;34m=[0m [0;36m2[0m[0;34m[0m[0;34m[0m[0m

[0;31mModuleNotFoundError[0m: No module named 'msilib'
ModuleNotFoundError: No module named 'msilib'

