Traceback (most recent call last):
  File "/opt/hostedtoolcache/Python/3.9.15/x64/lib/python3.9/site-packages/jupyter_cache/executors/utils.py", line 58, in single_nb_execution
    executenb(
  File "/opt/hostedtoolcache/Python/3.9.15/x64/lib/python3.9/site-packages/nbclient/client.py", line 1204, in execute
    return NotebookClient(nb=nb, resources=resources, km=km, **kwargs).execute()
  File "/opt/hostedtoolcache/Python/3.9.15/x64/lib/python3.9/site-packages/nbclient/util.py", line 84, in wrapped
    return just_run(coro(*args, **kwargs))
  File "/opt/hostedtoolcache/Python/3.9.15/x64/lib/python3.9/site-packages/nbclient/util.py", line 62, in just_run
    return loop.run_until_complete(coro)
  File "/opt/hostedtoolcache/Python/3.9.15/x64/lib/python3.9/asyncio/base_events.py", line 647, in run_until_complete
    return future.result()
  File "/opt/hostedtoolcache/Python/3.9.15/x64/lib/python3.9/site-packages/nbclient/client.py", line 663, in async_execute
    await self.async_execute_cell(
  File "/opt/hostedtoolcache/Python/3.9.15/x64/lib/python3.9/site-packages/nbclient/client.py", line 965, in async_execute_cell
    await self._check_raise_for_error(cell, cell_index, exec_reply)
  File "/opt/hostedtoolcache/Python/3.9.15/x64/lib/python3.9/site-packages/nbclient/client.py", line 862, in _check_raise_for_error
    raise CellExecutionError.from_cell_and_msg(cell, exec_reply_content)
nbclient.exceptions.CellExecutionError: An error occurred while executing the following cell:
------------------
from jax import numpy as jnp
import jax.random as jr
from matplotlib import pyplot as plt
import numpy as np
from itertools import count

from dynamax.linear_gaussian_ssm.linear_gaussian_ssm_conjugate import LinearGaussianConjugateSSM
from dynamax.utils import monotonically_increasing
------------------

[0;31m---------------------------------------------------------------------------[0m
[0;31mImportError[0m                               Traceback (most recent call last)
Cell [0;32mIn [2], line 7[0m
[1;32m      4[0m [38;5;28;01mimport[39;00m [38;5;21;01mnumpy[39;00m [38;5;28;01mas[39;00m [38;5;21;01mnp[39;00m
[1;32m      5[0m [38;5;28;01mfrom[39;00m [38;5;21;01mitertools[39;00m [38;5;28;01mimport[39;00m count
[0;32m----> 7[0m [38;5;28;01mfrom[39;00m [38;5;21;01mdynamax[39;00m[38;5;21;01m.[39;00m[38;5;21;01mlinear_gaussian_ssm[39;00m[38;5;21;01m.[39;00m[38;5;21;01mlinear_gaussian_ssm_conjugate[39;00m [38;5;28;01mimport[39;00m LinearGaussianConjugateSSM
[1;32m      8[0m [38;5;28;01mfrom[39;00m [38;5;21;01mdynamax[39;00m[38;5;21;01m.[39;00m[38;5;21;01mutils[39;00m [38;5;28;01mimport[39;00m monotonically_increasing

File [0;32m/opt/hostedtoolcache/Python/3.9.15/x64/lib/python3.9/site-packages/dynamax/linear_gaussian_ssm/linear_gaussian_ssm_conjugate.py:11[0m
[1;32m      9[0m [38;5;28;01mfrom[39;00m [38;5;21;01mdynamax[39;00m[38;5;21;01m.[39;00m[38;5;21;01mdistributions[39;00m [38;5;28;01mimport[39;00m mniw_posterior_update, niw_posterior_update
[1;32m     10[0m [38;5;28;01mfrom[39;00m [38;5;21;01mdynamax[39;00m[38;5;21;01m.[39;00m[38;5;21;01mlinear_gaussian_ssm[39;00m[38;5;21;01m.[39;00m[38;5;21;01minference[39;00m [38;5;28;01mimport[39;00m ParamsLGSSMMoment, lgssm_posterior_sample
[0;32m---> 11[0m [38;5;28;01mfrom[39;00m [38;5;21;01mdynamax[39;00m[38;5;21;01m.[39;00m[38;5;21;01mlinear_gaussian_ssm[39;00m[38;5;21;01m.[39;00m[38;5;21;01mlinear_gaussian_ssm[39;00m [38;5;28;01mimport[39;00m LinearGaussianSSM
[1;32m     15[0m [38;5;28;01mclass[39;00m [38;5;21;01mLinearGaussianConjugateSSM[39;00m(LinearGaussianSSM):
[1;32m     16[0m     [38;5;124;03m"""[39;00m
[1;32m     17[0m [38;5;124;03m    Linear Gaussian State Space Model with conjugate priors for the model parameters.[39;00m
[1;32m     18[0m [38;5;124;03m    The parameters are the same as LG-SSM.[39;00m
[0;32m   (...)[0m
[1;32m     22[0m [38;5;124;03m    p([H, D, d], R) = MNIW(loc, col_precision, df, scale) # matrix normal inverse wishart[39;00m
[1;32m     23[0m [38;5;124;03m    """[39;00m

File [0;32m/opt/hostedtoolcache/Python/3.9.15/x64/lib/python3.9/site-packages/dynamax/linear_gaussian_ssm/linear_gaussian_ssm.py:32[0m
[1;32m     28[0m [38;5;28;01mfrom[39;00m [38;5;21;01mdataclasses[39;00m [38;5;28;01mimport[39;00m dataclass
[1;32m     31[0m [38;5;28;01mfrom[39;00m [38;5;21;01mdynamax[39;00m[38;5;21;01m.[39;00m[38;5;21;01mabstractions[39;00m [38;5;28;01mimport[39;00m SSM
[0;32m---> 32[0m [38;5;28;01mfrom[39;00m [38;5;21;01mdynamax[39;00m[38;5;21;01m.[39;00m[38;5;21;01mlinear_gaussian_ssm[39;00m[38;5;21;01m.[39;00m[38;5;21;01minference[39;00m [38;5;28;01mimport[39;00m lgssm_filter, lgssm_smoother, lgssm_posterior_sample, LGSSMParams
[1;32m     33[0m [38;5;28;01mfrom[39;00m [38;5;21;01mdynamax[39;00m[38;5;21;01m.[39;00m[38;5;21;01mparameters[39;00m [38;5;28;01mimport[39;00m ParameterProperties
[1;32m     34[0m [38;5;28;01mfrom[39;00m [38;5;21;01mdynamax[39;00m[38;5;21;01m.[39;00m[38;5;21;01mutils[39;00m [38;5;28;01mimport[39;00m PSDToRealBijector

[0;31mImportError[0m: cannot import name 'LGSSMParams' from 'dynamax.linear_gaussian_ssm.inference' (/opt/hostedtoolcache/Python/3.9.15/x64/lib/python3.9/site-packages/dynamax/linear_gaussian_ssm/inference.py)
ImportError: cannot import name 'LGSSMParams' from 'dynamax.linear_gaussian_ssm.inference' (/opt/hostedtoolcache/Python/3.9.15/x64/lib/python3.9/site-packages/dynamax/linear_gaussian_ssm/inference.py)

